<?xml version="1.0" encoding="UTF-8"?>
<robot generator="Robot 3.1.2 (Python 3.8.2 on win32)" generated="20200417 21:04:01.286" rpa="false">
<suite id="s1" name="TestSuite1" source="C:\Python\development\practise_scripts\RobotProject1\test\TestSuite1.robot">
<kw name="Log" library="BuiltIn" type="setup">
<doc>Logs the given message with the given level.</doc>
<arguments>
<arg>Inside test suite</arg>
</arguments>
<msg timestamp="20200417 21:04:02.318" level="INFO">Inside test suite</msg>
<status status="PASS" starttime="20200417 21:04:02.317" endtime="20200417 21:04:02.319"></status>
</kw>
<test id="s1-t1" name="MyFirstTest">
<kw name="Log" library="BuiltIn" type="setup">
<doc>Logs the given message with the given level.</doc>
<arguments>
<arg>Inside testcase</arg>
</arguments>
<msg timestamp="20200417 21:04:02.322" level="INFO">Inside testcase</msg>
<status status="PASS" starttime="20200417 21:04:02.321" endtime="20200417 21:04:02.322"></status>
</kw>
<kw name="Log" library="BuiltIn">
<doc>Logs the given message with the given level.</doc>
<arguments>
<arg>Hello</arg>
</arguments>
<msg timestamp="20200417 21:04:02.324" level="INFO">Hello</msg>
<status status="PASS" starttime="20200417 21:04:02.323" endtime="20200417 21:04:02.324"></status>
</kw>
<kw name="Log" library="BuiltIn" type="teardown">
<doc>Logs the given message with the given level.</doc>
<arguments>
<arg>inside testcase</arg>
</arguments>
<msg timestamp="20200417 21:04:02.328" level="INFO">inside testcase</msg>
<status status="PASS" starttime="20200417 21:04:02.326" endtime="20200417 21:04:02.328"></status>
</kw>
<tags>
<tag>Smoke</tag>
</tags>
<status status="PASS" starttime="20200417 21:04:02.319" endtime="20200417 21:04:02.328" critical="yes"></status>
</test>
<kw name="Log" library="BuiltIn" type="teardown">
<doc>Logs the given message with the given level.</doc>
<arguments>
<arg>Inside test suite</arg>
</arguments>
<msg timestamp="20200417 21:04:02.332" level="INFO">Inside test suite</msg>
<status status="PASS" starttime="20200417 21:04:02.331" endtime="20200417 21:04:02.332"></status>
</kw>
<status status="PASS" starttime="20200417 21:04:01.294" endtime="20200417 21:04:02.332"></status>
</suite>
<statistics>
<total>
<stat pass="1" fail="0">Critical Tests</stat>
<stat pass="1" fail="0">All Tests</stat>
</total>
<tag>
<stat pass="1" fail="0">Smoke</stat>
</tag>
<suite>
<stat pass="1" fail="0" id="s1" name="TestSuite1">TestSuite1</stat>
</suite>
</statistics>
<errors>
</errors>
</robot>
